<?xml version="1.0" encoding="UTF-8"?>
<coverage generated="1527049523484" clover="3.2.0">
  <project timestamp="1527049523484" name="All files">
    <metrics statements="40" coveredstatements="40" conditionals="13" coveredconditionals="13" methods="14" coveredmethods="14" elements="67" coveredelements="67" complexity="0" loc="40" ncloc="40" packages="2" files="4" classes="4">
      <package name="src">
        <metrics statements="39" coveredstatements="39" conditionals="13" coveredconditionals="13" methods="14" coveredmethods="14"/>
        <file name="async.js" path="/Users/andeladeveloper/Code/Node/testing-course/src/async.js">
          <metrics statements="16" coveredstatements="16" conditionals="4" coveredconditionals="4" methods="8" coveredmethods="8"/>
          <line num="1" count="1" type="stmt"/>
          <line num="3" count="1" type="stmt"/>
          <line num="4" count="4" type="stmt"/>
          <line num="5" count="4" type="stmt"/>
          <line num="6" count="6" type="stmt"/>
          <line num="8" count="4" type="cond" truecount="2" falsecount="0"/>
          <line num="9" count="1" type="stmt"/>
          <line num="12" count="3" type="stmt"/>
          <line num="20" count="1" type="stmt"/>
          <line num="21" count="2" type="stmt"/>
          <line num="22" count="2" type="stmt"/>
          <line num="23" count="4" type="stmt"/>
          <line num="25" count="2" type="cond" truecount="2" falsecount="0"/>
          <line num="26" count="1" type="stmt"/>
          <line num="29" count="1" type="stmt"/>
          <line num="37" count="1" type="stmt"/>
        </file>
        <file name="index.js" path="/Users/andeladeveloper/Code/Node/testing-course/src/index.js">
          <metrics statements="4" coveredstatements="4" conditionals="4" coveredconditionals="4" methods="1" coveredmethods="1"/>
          <line num="2" count="2" type="cond" truecount="4" falsecount="0"/>
          <line num="3" count="1" type="stmt"/>
          <line num="5" count="1" type="stmt"/>
          <line num="8" count="1" type="stmt"/>
        </file>
        <file name="query.js" path="/Users/andeladeveloper/Code/Node/testing-course/src/query.js">
          <metrics statements="19" coveredstatements="19" conditionals="5" coveredconditionals="5" methods="5" coveredmethods="5"/>
          <line num="2" count="1" type="stmt"/>
          <line num="3" count="2" type="cond" truecount="2" falsecount="0"/>
          <line num="4" count="1" type="stmt"/>
          <line num="6" count="2" type="stmt"/>
          <line num="7" count="2" type="stmt"/>
          <line num="9" count="2" type="stmt"/>
          <line num="10" count="4" type="stmt"/>
          <line num="11" count="4" type="stmt"/>
          <line num="14" count="2" type="stmt"/>
          <line num="17" count="1" type="stmt"/>
          <line num="18" count="5" type="cond" truecount="3" falsecount="0"/>
          <line num="20" count="2" type="stmt"/>
          <line num="24" count="1" type="stmt"/>
          <line num="25" count="2" type="stmt"/>
          <line num="26" count="2" type="stmt"/>
          <line num="27" count="2" type="stmt"/>
          <line num="28" count="3" type="stmt"/>
          <line num="31" count="2" type="stmt"/>
          <line num="34" count="1" type="stmt"/>
        </file>
      </package>
      <package name="src.db">
        <metrics statements="1" coveredstatements="1" conditionals="0" coveredconditionals="0" methods="0" coveredmethods="0"/>
        <file name="users.js" path="/Users/andeladeveloper/Code/Node/testing-course/src/db/users.js">
          <metrics statements="1" coveredstatements="1" conditionals="0" coveredconditionals="0" methods="0" coveredmethods="0"/>
          <line num="1" count="1" type="stmt"/>
        </file>
      </package>
    </metrics>
  </project>
</coverage>
