{"/Users/andeladeveloper/Code/Node/testing-course/src/async.js": {"path":"/Users/andeladeveloper/Code/Node/testing-course/src/async.js","statementMap":{"0":{"start":{"line":1,"column":14},"end":{"line":1,"column":35}},"1":{"start":{"line":3,"column":21},"end":{"line":18,"column":1}},"2":{"start":{"line":4,"column":2},"end":{"line":17,"column":4}},"3":{"start":{"line":5,"column":4},"end":{"line":16,"column":10}},"4":{"start":{"line":6,"column":19},"end":{"line":6,"column":52}},"5":{"start":{"line":6,"column":38},"end":{"line":6,"column":51}},"6":{"start":{"line":8,"column":6},"end":{"line":10,"column":7}},"7":{"start":{"line":9,"column":8},"end":{"line":9,"column":70}},"8":{"start":{"line":12,"column":6},"end":{"line":15,"column":8}},"9":{"start":{"line":20,"column":24},"end":{"line":35,"column":1}},"10":{"start":{"line":21,"column":2},"end":{"line":34,"column":4}},"11":{"start":{"line":22,"column":4},"end":{"line":33,"column":10}},"12":{"start":{"line":23,"column":19},"end":{"line":23,"column":58}},"13":{"start":{"line":23,"column":38},"end":{"line":23,"column":57}},"14":{"start":{"line":25,"column":6},"end":{"line":27,"column":7}},"15":{"start":{"line":26,"column":8},"end":{"line":26,"column":76}},"16":{"start":{"line":29,"column":6},"end":{"line":32,"column":8}},"17":{"start":{"line":37,"column":0},"end":{"line":40,"column":1}}},"fnMap":{"0":{"name":"(anonymous_0)","decl":{"start":{"line":3,"column":21},"end":{"line":3,"column":22}},"loc":{"start":{"line":3,"column":29},"end":{"line":18,"column":1}},"line":3},"1":{"name":"(anonymous_1)","decl":{"start":{"line":4,"column":21},"end":{"line":4,"column":22}},"loc":{"start":{"line":4,"column":42},"end":{"line":17,"column":3}},"line":4},"2":{"name":"(anonymous_2)","decl":{"start":{"line":5,"column":15},"end":{"line":5,"column":16}},"loc":{"start":{"line":5,"column":21},"end":{"line":16,"column":5}},"line":5},"3":{"name":"(anonymous_3)","decl":{"start":{"line":6,"column":30},"end":{"line":6,"column":31}},"loc":{"start":{"line":6,"column":38},"end":{"line":6,"column":51}},"line":6},"4":{"name":"(anonymous_4)","decl":{"start":{"line":20,"column":24},"end":{"line":20,"column":25}},"loc":{"start":{"line":20,"column":35},"end":{"line":35,"column":1}},"line":20},"5":{"name":"(anonymous_5)","decl":{"start":{"line":21,"column":21},"end":{"line":21,"column":22}},"loc":{"start":{"line":21,"column":42},"end":{"line":34,"column":3}},"line":21},"6":{"name":"(anonymous_6)","decl":{"start":{"line":22,"column":15},"end":{"line":22,"column":16}},"loc":{"start":{"line":22,"column":21},"end":{"line":33,"column":5}},"line":22},"7":{"name":"(anonymous_7)","decl":{"start":{"line":23,"column":30},"end":{"line":23,"column":31}},"loc":{"start":{"line":23,"column":38},"end":{"line":23,"column":57}},"line":23}},"branchMap":{"0":{"loc":{"start":{"line":8,"column":6},"end":{"line":10,"column":7}},"type":"if","locations":[{"start":{"line":8,"column":6},"end":{"line":10,"column":7}},{"start":{"line":8,"column":6},"end":{"line":10,"column":7}}],"line":8},"1":{"loc":{"start":{"line":25,"column":6},"end":{"line":27,"column":7}},"type":"if","locations":[{"start":{"line":25,"column":6},"end":{"line":27,"column":7}},{"start":{"line":25,"column":6},"end":{"line":27,"column":7}}],"line":25}},"s":{"0":1,"1":1,"2":4,"3":4,"4":4,"5":6,"6":4,"7":1,"8":3,"9":1,"10":2,"11":2,"12":2,"13":4,"14":2,"15":1,"16":1,"17":1},"f":{"0":4,"1":4,"2":4,"3":6,"4":2,"5":2,"6":2,"7":4},"b":{"0":[1,3],"1":[1,1]},"_coverageSchema":"332fd63041d2c1bcb487cc26dd0d5f7d97098a6c","hash":"1920b83dc95462776d945a147acace5b1552d6f7"}
,"/Users/andeladeveloper/Code/Node/testing-course/src/index.js": {"path":"/Users/andeladeveloper/Code/Node/testing-course/src/index.js","statementMap":{"0":{"start":{"line":2,"column":2},"end":{"line":4,"column":3}},"1":{"start":{"line":3,"column":4},"end":{"line":3,"column":55}},"2":{"start":{"line":5,"column":2},"end":{"line":5,"column":21}},"3":{"start":{"line":8,"column":0},"end":{"line":10,"column":1}}},"fnMap":{"0":{"name":"add","decl":{"start":{"line":1,"column":9},"end":{"line":1,"column":12}},"loc":{"start":{"line":1,"column":26},"end":{"line":6,"column":1}},"line":1}},"branchMap":{"0":{"loc":{"start":{"line":2,"column":2},"end":{"line":4,"column":3}},"type":"if","locations":[{"start":{"line":2,"column":2},"end":{"line":4,"column":3}},{"start":{"line":2,"column":2},"end":{"line":4,"column":3}}],"line":2},"1":{"loc":{"start":{"line":2,"column":6},"end":{"line":2,"column":20}},"type":"binary-expr","locations":[{"start":{"line":2,"column":6},"end":{"line":2,"column":11}},{"start":{"line":2,"column":15},"end":{"line":2,"column":20}}],"line":2}},"s":{"0":2,"1":1,"2":1,"3":1},"f":{"0":2},"b":{"0":[1,1],"1":[2,1]},"_coverageSchema":"332fd63041d2c1bcb487cc26dd0d5f7d97098a6c","hash":"40a8eac475fcb26c1af6558859c6ed81f1b6eddc"}
,"/Users/andeladeveloper/Code/Node/testing-course/src/query.js": {"path":"/Users/andeladeveloper/Code/Node/testing-course/src/query.js","statementMap":{"0":{"start":{"line":2,"column":14},"end":{"line":15,"column":1}},"1":{"start":{"line":3,"column":1},"end":{"line":5,"column":2}},"2":{"start":{"line":4,"column":2},"end":{"line":4,"column":40}},"3":{"start":{"line":6,"column":15},"end":{"line":6,"column":37}},"4":{"start":{"line":7,"column":16},"end":{"line":7,"column":18}},"5":{"start":{"line":9,"column":1},"end":{"line":12,"column":3}},"6":{"start":{"line":10,"column":22},"end":{"line":10,"column":38}},"7":{"start":{"line":11,"column":2},"end":{"line":11,"column":41}},"8":{"start":{"line":14,"column":1},"end":{"line":14,"column":14}},"9":{"start":{"line":17,"column":20},"end":{"line":21,"column":1}},"10":{"start":{"line":18,"column":1},"end":{"line":18,"column":100}},"11":{"start":{"line":18,"column":35},"end":{"line":18,"column":99}},"12":{"start":{"line":20,"column":1},"end":{"line":20,"column":11}},"13":{"start":{"line":24,"column":18},"end":{"line":32,"column":1}},"14":{"start":{"line":25,"column":1},"end":{"line":25,"column":39}},"15":{"start":{"line":26,"column":19},"end":{"line":26,"column":21}},"16":{"start":{"line":27,"column":1},"end":{"line":29,"column":2}},"17":{"start":{"line":28,"column":2},"end":{"line":28,"column":67}},"18":{"start":{"line":31,"column":1},"end":{"line":31,"column":32}},"19":{"start":{"line":34,"column":0},"end":{"line":37,"column":1}}},"fnMap":{"0":{"name":"(anonymous_0)","decl":{"start":{"line":2,"column":14},"end":{"line":2,"column":15}},"loc":{"start":{"line":2,"column":31},"end":{"line":15,"column":1}},"line":2},"1":{"name":"(anonymous_1)","decl":{"start":{"line":9,"column":17},"end":{"line":9,"column":18}},"loc":{"start":{"line":9,"column":26},"end":{"line":12,"column":2}},"line":9},"2":{"name":"(anonymous_2)","decl":{"start":{"line":17,"column":20},"end":{"line":17,"column":21}},"loc":{"start":{"line":17,"column":29},"end":{"line":21,"column":1}},"line":17},"3":{"name":"(anonymous_3)","decl":{"start":{"line":18,"column":26},"end":{"line":18,"column":27}},"loc":{"start":{"line":18,"column":35},"end":{"line":18,"column":99}},"line":18},"4":{"name":"(anonymous_4)","decl":{"start":{"line":24,"column":18},"end":{"line":24,"column":19}},"loc":{"start":{"line":24,"column":35},"end":{"line":32,"column":1}},"line":24}},"branchMap":{"0":{"loc":{"start":{"line":3,"column":1},"end":{"line":5,"column":2}},"type":"if","locations":[{"start":{"line":3,"column":1},"end":{"line":5,"column":2}},{"start":{"line":3,"column":1},"end":{"line":5,"column":2}}],"line":3},"1":{"loc":{"start":{"line":18,"column":35},"end":{"line":18,"column":99}},"type":"binary-expr","locations":[{"start":{"line":18,"column":36},"end":{"line":18,"column":53}},{"start":{"line":18,"column":57},"end":{"line":18,"column":79}},{"start":{"line":18,"column":84},"end":{"line":18,"column":99}}],"line":18}},"s":{"0":1,"1":2,"2":1,"3":2,"4":2,"5":2,"6":4,"7":4,"8":2,"9":1,"10":2,"11":5,"12":2,"13":1,"14":2,"15":2,"16":2,"17":3,"18":2,"19":1},"f":{"0":2,"1":4,"2":2,"3":5,"4":2},"b":{"0":[1,1],"1":[5,4,2]},"_coverageSchema":"332fd63041d2c1bcb487cc26dd0d5f7d97098a6c","hash":"9168ccc7d6456467e6b10e119d4d7ba06bae8670"}
,"/Users/andeladeveloper/Code/Node/testing-course/src/db/users.js": {"path":"/Users/andeladeveloper/Code/Node/testing-course/src/db/users.js","statementMap":{"0":{"start":{"line":1,"column":0},"end":{"line":19,"column":2}}},"fnMap":{},"branchMap":{},"s":{"0":1},"f":{},"b":{},"_coverageSchema":"332fd63041d2c1bcb487cc26dd0d5f7d97098a6c","hash":"0af49edafaa2d68ae8024b474467df9030e3c024"}
}
